Removed Pin From Net: NetName=A_GND Pin=J1-1
Removed Pin From Net: NetName=NetJ1_1 Pin=J1-2
Removed Pin From Net: NetName=A_GND Pin=J2-1
Removed Pin From Net: NetName=NetJ2_1 Pin=J2-2
Removed Pin From Net: NetName=A_GND Pin=J3-1
Removed Pin From Net: NetName=NetJ3_1 Pin=J3-2
Removed Pin From Net: NetName=A_GND Pin=J4-1
Removed Pin From Net: NetName=NetJ4_1 Pin=J4-2
Change Component DesignItemId : Designator=J1 Old DesignItemId=Phonejack3 New DesignItemId=Phonejack3 TN
Change Component DesignItemId : Designator=J2 Old DesignItemId=Phonejack3 New DesignItemId=Phonejack3 TN
Change Component DesignItemId : Designator=J3 Old DesignItemId=Phonejack3 New DesignItemId=Phonejack3 TN
Change Component DesignItemId : Designator=J4 Old DesignItemId=Phonejack3 New DesignItemId=Phonejack3 TN
Change Component Comment : Designator=J1 Old Comment=Phonejack3 New Comment=Phonejack3 TN
Change Component Comment : Designator=J2 Old Comment=Phonejack3 New Comment=Phonejack3 TN
Change Component Comment : Designator=J3 Old Comment=Phonejack3 New Comment=Phonejack3 TN
Change Component Comment : Designator=J4 Old Comment=Phonejack3 New Comment=Phonejack3 TN
Change Component Description : Designator=J1 Old Description=Jack Socket, 1/4" [6.5mm], Thru-Hole, Vertical, 3-Conductor Open Circuit (Non-Normalling) New Description=Jack Socket, 1/4" [6.5mm], Thru-Hole, Vertical, 3-Conductor with Tip closed & Ring open
Change Component Description : Designator=J2 Old Description=Jack Socket, 1/4" [6.5mm], Thru-Hole, Vertical, 3-Conductor Open Circuit (Non-Normalling) New Description=Jack Socket, 1/4" [6.5mm], Thru-Hole, Vertical, 3-Conductor with Tip closed & Ring open
Change Component Description : Designator=J3 Old Description=Jack Socket, 1/4" [6.5mm], Thru-Hole, Vertical, 3-Conductor Open Circuit (Non-Normalling) New Description=Jack Socket, 1/4" [6.5mm], Thru-Hole, Vertical, 3-Conductor with Tip closed & Ring open
Change Component Description : Designator=J4 Old Description=Jack Socket, 1/4" [6.5mm], Thru-Hole, Vertical, 3-Conductor Open Circuit (Non-Normalling) New Description=Jack Socket, 1/4" [6.5mm], Thru-Hole, Vertical, 3-Conductor with Tip closed & Ring open
Added Component: Designator=C9(CAPC2012X135N)
Added Component: Designator=C14(CAPC2012X135N)
Added Component: Designator=C15(CAPC2012X135N)
Added Component: Designator=C34(CAPC2012X135N)
Added Component: Designator=R13(RESC2012X70N)
Added Component: Designator=R14(RESC2012X70N)
Added Component: Designator=R15(RESC2012X70N)
Added Component: Designator=R16(RESC2012X70N)
Added Component: Designator=R17(RESC2012X70N)
Added Component: Designator=R18(RESC2012X70N)
Added Component: Designator=R19(RESC2012X70N)
Added Component: Designator=R20(RESC2012X70N)
Added Component: Designator=R21(RESC2012X70N)
Added Component: Designator=R22(RESC2012X70N)
Added Component: Designator=R23(RESC2012X70N)
Added Component: Designator=R24(RESC2012X70N)
Added Pin To Net: NetName=GND Pin=C9-2
Added Pin To Net: NetName=GND Pin=C14-2
Added Pin To Net: NetName=GND Pin=C15-2
Added Pin To Net: NetName=GND Pin=C34-2
Added Pin To Net: NetName=NetJ1_1 Pin=J1-1
Added Pin To Net: NetName=NetJ2_1 Pin=J2-1
Added Pin To Net: NetName=NetJ3_1 Pin=J3-1
Added Pin To Net: NetName=NetJ4_1 Pin=J4-1
Added Pin To Net: NetName=NetJ1_1 Pin=R13-1
Added Pin To Net: NetName=A_GND Pin=R13-2
Added Pin To Net: NetName=NetJ2_1 Pin=R14-1
Added Pin To Net: NetName=A_GND Pin=R14-2
Added Pin To Net: NetName=NetJ3_1 Pin=R15-1
Added Pin To Net: NetName=A_GND Pin=R15-2
Added Pin To Net: NetName=A_GND Pin=R16-2
Added Pin To Net: NetName=D3V3 Pin=R17-1
Added Pin To Net: NetName=D3V3 Pin=R18-1
Added Pin To Net: NetName=D3V3 Pin=R19-1
Added Pin To Net: NetName=D3V3 Pin=R20-1
Added Pin To Net: NetName=JACKSENSE1 Pin=C34-1
Added Pin To Net: NetName=JACKSENSE1 Pin=P1-7
Added Pin To Net: NetName=JACKSENSE1 Pin=R21-1
Added Net: Name=JACKSENSE1
Added Pin To Net: NetName=JACKSENSE2 Pin=C15-1
Added Pin To Net: NetName=JACKSENSE2 Pin=P1-11
Added Pin To Net: NetName=JACKSENSE2 Pin=R22-1
Added Net: Name=JACKSENSE2
Added Pin To Net: NetName=JACKSENSE3 Pin=C14-1
Added Pin To Net: NetName=JACKSENSE3 Pin=P1-13
Added Pin To Net: NetName=JACKSENSE3 Pin=R23-1
Added Net: Name=JACKSENSE3
Added Pin To Net: NetName=JACKSENSE4 Pin=C9-1
Added Pin To Net: NetName=JACKSENSE4 Pin=P1-15
Added Pin To Net: NetName=JACKSENSE4 Pin=R24-1
Added Net: Name=JACKSENSE4
Added Pin To Net: NetName=JACKSWITCH1 Pin=J1-2
Added Pin To Net: NetName=JACKSWITCH1 Pin=R17-2
Added Pin To Net: NetName=JACKSWITCH1 Pin=R21-2
Added Net: Name=JACKSWITCH1
Added Pin To Net: NetName=JACKSWITCH2 Pin=J2-2
Added Pin To Net: NetName=JACKSWITCH2 Pin=R18-2
Added Pin To Net: NetName=JACKSWITCH2 Pin=R22-2
Added Net: Name=JACKSWITCH2
Added Pin To Net: NetName=JACKSWITCH3 Pin=J3-2
Added Pin To Net: NetName=JACKSWITCH3 Pin=R19-2
Added Pin To Net: NetName=JACKSWITCH3 Pin=R23-2
Added Net: Name=JACKSWITCH3
Added Pin To Net: NetName=JACKSWITCH4 Pin=J4-2
Added Pin To Net: NetName=JACKSWITCH4 Pin=R20-2
Added Pin To Net: NetName=JACKSWITCH4 Pin=R24-2
Added Net: Name=JACKSWITCH4
Added Member To Class: ClassName=TopLevel Member=Component C9 approved sub OK
Added Member To Class: ClassName=TopLevel Member=Component C14 approved sub OK
Added Member To Class: ClassName=TopLevel Member=Component C15 approved sub OK
Added Member To Class: ClassName=TopLevel Member=Component C34 approved sub OK
Added Member To Class: ClassName=TopLevel Member=Component J3 Phonejack3 TN
Added Member To Class: ClassName=TopLevel Member=Component R13 Thick Film
Added Member To Class: ClassName=TopLevel Member=Component R14 Thick Film
Added Member To Class: ClassName=TopLevel Member=Component R15 Thick Film
Added Member To Class: ClassName=TopLevel Member=Component R16 Thick Film
Added Member To Class: ClassName=TopLevel Member=Component R17 Thick Film
Added Member To Class: ClassName=TopLevel Member=Component R18 Thick Film
Added Member To Class: ClassName=TopLevel Member=Component R19 Thick Film
Added Member To Class: ClassName=TopLevel Member=Component R20 Thick Film
Added Member To Class: ClassName=TopLevel Member=Component R21 Thick Film
Added Member To Class: ClassName=TopLevel Member=Component R22 Thick Film
Added Member To Class: ClassName=TopLevel Member=Component R23 Thick Film
Added Member To Class: ClassName=TopLevel Member=Component R24 Thick Film
