Removed Pin From Net: NetName=NetJ1_1 Pin=J1-1
Removed Pin From Net: NetName=JACKSWITCH1 Pin=J1-2
Removed Pin From Net: NetName=NetJ2_1 Pin=J2-1
Removed Pin From Net: NetName=JACKSWITCH2 Pin=J2-2
Removed Pin From Net: NetName=NetJ3_1 Pin=J3-1
Removed Pin From Net: NetName=JACKSWITCH3 Pin=J3-2
Removed Pin From Net: NetName=NetJ4_1 Pin=J4-1
Removed Pin From Net: NetName=JACKSWITCH4 Pin=J4-2
Added Pin To Net: NetName=A_GND Pin=J1-1
Added Pin To Net: NetName=NetJ1_1 Pin=J1-2
Added Pin To Net: NetName=JACKSWITCH1 Pin=J1-10
Added Pin To Net: NetName=JACKSWITCH1 Pin=J1-10
Added Pin To Net: NetName=A_GND Pin=J2-1
Added Pin To Net: NetName=NetJ2_1 Pin=J2-2
Added Pin To Net: NetName=JACKSWITCH2 Pin=J2-10
Added Pin To Net: NetName=JACKSWITCH2 Pin=J2-10
Added Pin To Net: NetName=A_GND Pin=J3-1
Added Pin To Net: NetName=NetJ3_1 Pin=J3-2
Added Pin To Net: NetName=JACKSWITCH3 Pin=J3-10
Added Pin To Net: NetName=JACKSWITCH3 Pin=J3-10
Added Pin To Net: NetName=A_GND Pin=J4-1
Added Pin To Net: NetName=NetJ4_1 Pin=J4-2
Added Pin To Net: NetName=JACKSWITCH4 Pin=J4-10
Added Pin To Net: NetName=JACKSWITCH4 Pin=J4-10
