Added Component: Designator=C1(CAPC1005X55N)
Added Component: Designator=C2(CAPC2012X135N)
Added Component: Designator=C3(CAPC2012X135N)
Added Component: Designator=C4(CAPC1005X55N)
Added Component: Designator=C5(CAPC2012X135N)
Added Component: Designator=C6(CAPC2012X135N)
Added Component: Designator=C7(CAPC2012X135N)
Added Component: Designator=C8(CAPC2012X135N)
Added Component: Designator=C9(CAPC2012X135N)
Added Component: Designator=D1(3.2X1.6X1.1)
Added Component: Designator=D2(3.2X1.6X1.1)
Added Component: Designator=D3(3.2X1.6X1.1)
Added Component: Designator=FB1(FBC2012N)
Added Component: Designator=R1(RESC2012X70N)
Added Component: Designator=R2(RESC2012X70N)
Added Component: Designator=R3(RESC2012X70N)
Added Component: Designator=U1(TI-DDC5_N)
Added Component: Designator=U2(TI-DBV5_N)
Added Component: Designator=U3(TD03B_N)
Added Pin To Net: NetName=A5V Pin=C1-1
Added Pin To Net: NetName=A_GND Pin=C1-2
Added Pin To Net: NetName=A5V Pin=C2-1
Added Pin To Net: NetName=A_GND Pin=C2-2
Added Pin To Net: NetName=VCC Pin=C3-1
Added Pin To Net: NetName=GND Pin=C3-2
Added Pin To Net: NetName=A3V3 Pin=C4-1
Added Pin To Net: NetName=A_GND Pin=C4-2
Added Pin To Net: NetName=A3V3 Pin=C5-1
Added Pin To Net: NetName=A_GND Pin=C5-2
Added Pin To Net: NetName=VCC Pin=C6-1
Added Pin To Net: NetName=GND Pin=C6-2
Added Pin To Net: NetName=D3V3 Pin=C7-1
Added Pin To Net: NetName=GND Pin=C7-2
Added Pin To Net: NetName=VCC Pin=C8-1
Added Pin To Net: NetName=GND Pin=C8-2
Added Pin To Net: NetName=A_GND Pin=C9-2
Added Pin To Net: NetName=A_GND Pin=D1-2
Added Pin To Net: NetName=A_GND Pin=D2-2
Added Pin To Net: NetName=GND Pin=D3-2
Added Pin To Net: NetName=GND Pin=FB1-1
Added Pin To Net: NetName=A_GND Pin=FB1-2
Added Pin To Net: NetName=A3V3 Pin=R1-1
Added Pin To Net: NetName=D3V3 Pin=R2-1
Added Pin To Net: NetName=A5V Pin=R3-1
Added Pin To Net: NetName=VCC Pin=U1-1
Added Pin To Net: NetName=GND Pin=U1-2
Added Pin To Net: NetName=VCC Pin=U1-3
Added Pin To Net: NetName=A3V3 Pin=U1-5
Added Pin To Net: NetName=VCC Pin=U2-1
Added Pin To Net: NetName=GND Pin=U2-2
Added Pin To Net: NetName=VCC Pin=U2-3
Added Pin To Net: NetName=A5V Pin=U2-5
Added Pin To Net: NetName=D3V3 Pin=U3-1
Added Pin To Net: NetName=VCC Pin=U3-3
Added Pin To Net: NetName=GND Pin=U3-4
Added Pin To Net: NetName=NetC9_1 Pin=C9-1
Added Pin To Net: NetName=NetC9_1 Pin=U2-4
Added Net: Name=NetC9_1
Added Pin To Net: NetName=NetD1_1 Pin=D1-1
Added Pin To Net: NetName=NetD1_1 Pin=R3-2
Added Net: Name=NetD1_1
Added Pin To Net: NetName=NetD2_1 Pin=D2-1
Added Pin To Net: NetName=NetD2_1 Pin=R1-2
Added Net: Name=NetD2_1
Added Pin To Net: NetName=NetD3_1 Pin=D3-1
Added Pin To Net: NetName=NetD3_1 Pin=R2-2
Added Net: Name=NetD3_1
Added Class: Name=U_PowerSupply
