Added Member To Class: ClassName=U_PowerSupply Member=Component C1 approved sub OK
Added Member To Class: ClassName=U_PowerSupply Member=Component C2 approved sub OK
Added Member To Class: ClassName=U_PowerSupply Member=Component C3 approved sub OK
Added Member To Class: ClassName=U_PowerSupply Member=Component C4 approved sub OK
Added Member To Class: ClassName=U_PowerSupply Member=Component C6 approved sub OK
Added Member To Class: ClassName=U_PowerSupply Member=Component C7 approved sub OK
Added Member To Class: ClassName=U_InputDriver1 Member=Component C10_U_InputDriver1 (C10) 100n
Added Member To Class: ClassName=U_InputDriver2 Member=Component C10_U_InputDriver2 (C10) 100n
Added Member To Class: ClassName=U_InputDriver3 Member=Component C10_U_InputDriver3 (C10) 100n
Added Member To Class: ClassName=U_InputDriver4 Member=Component C10_U_InputDriver4 (C10) 100n
Added Member To Class: ClassName=U_InputDriver1 Member=Component C11_U_InputDriver1 (C11) 47p
Added Member To Class: ClassName=U_InputDriver2 Member=Component C11_U_InputDriver2 (C11) 47p
Added Member To Class: ClassName=U_InputDriver3 Member=Component C11_U_InputDriver3 (C11) 47p
Added Member To Class: ClassName=U_InputDriver4 Member=Component C11_U_InputDriver4 (C11) 47p
Added Member To Class: ClassName=U_InputDriver1 Member=Component C12_U_InputDriver1 (C12) 100n
Added Member To Class: ClassName=U_InputDriver2 Member=Component C12_U_InputDriver2 (C12) 100n
Added Member To Class: ClassName=U_InputDriver3 Member=Component C12_U_InputDriver3 (C12) 100n
Added Member To Class: ClassName=U_InputDriver4 Member=Component C12_U_InputDriver4 (C12) 100n
Added Member To Class: ClassName=U_ADC_connections Member=Component C13 approved sub OK
Added Member To Class: ClassName=U_ADC_connections Member=Component C14 approved sub OK
Added Member To Class: ClassName=U_ADC_connections Member=Component C15 approved sub OK
Added Member To Class: ClassName=U_ADC_connections Member=Component C16 approved sub OK
Added Member To Class: ClassName=U_ADC_connections Member=Component C17 approved sub OK
Added Member To Class: ClassName=U_ADC_connections Member=Component C18 approved sub OK
Added Member To Class: ClassName=U_ADC_connections Member=Component C19 approved sub OK
Added Member To Class: ClassName=U_ADC_connections Member=Component C20 approved sub OK
Added Member To Class: ClassName=U_ADC_connections Member=Component C21 approved sub OK
Added Member To Class: ClassName=U_ADC_connections Member=Component C22 approved sub OK
Added Member To Class: ClassName=U_ADC_connections Member=Component C23 approved sub OK
Added Member To Class: ClassName=U_ADC_connections Member=Component C24 approved sub OK
Added Member To Class: ClassName=U_ADC_connections Member=Component C25 approved sub OK
Added Member To Class: ClassName=U_ADC_connections Member=Component C26 approved sub OK
Added Member To Class: ClassName=U_ADC_connections Member=Component C27 approved sub OK
Added Member To Class: ClassName=U_ADC_connections Member=Component C28 approved sub OK
Added Member To Class: ClassName=U_ADC_connections Member=Component C29 approved sub OK
Added Member To Class: ClassName=U_ADC_connections Member=Component C30 approved sub OK
Added Member To Class: ClassName=U_ADC_connections Member=Component C31 approved sub OK
Added Member To Class: ClassName=U_ADC_connections Member=Component C32 approved sub OK
Added Member To Class: ClassName=U_ADC_connections Member=Component C33 approved sub OK
Added Member To Class: ClassName=U_PowerSupply Member=Component D1 LED2
Added Member To Class: ClassName=U_PowerSupply Member=Component D2 LED2
Added Member To Class: ClassName=U_PowerSupply Member=Component D3 LED2
Added Member To Class: ClassName=U_PowerSupply Member=Component FB1 220 at 100MHz
Added Member To Class: ClassName=U_PowerSupply Member=Component FB2 220 at 100MHz
Added Member To Class: ClassName=TopLevel Member=Component J1 Phonejack3
Added Member To Class: ClassName=TopLevel Member=Component J2 Phonejack3
Added Member To Class: ClassName=TopLevel Member=Component J3 Phonejack3
Added Member To Class: ClassName=TopLevel Member=Component J4 Phonejack3
Added Member To Class: ClassName=TopLevel Member=Component P1 Header 20X2
Added Member To Class: ClassName=U_PowerSupply Member=Component R1 Thick Film
Added Member To Class: ClassName=U_PowerSupply Member=Component R2 Thick Film
Added Member To Class: ClassName=U_PowerSupply Member=Component R3 Thick Film
Added Member To Class: ClassName=U_InputDriver1 Member=Component R4_U_InputDriver1 (R4) Thick Film
Added Member To Class: ClassName=U_InputDriver2 Member=Component R4_U_InputDriver2 (R4) Thick Film
Added Member To Class: ClassName=U_InputDriver3 Member=Component R4_U_InputDriver3 (R4) Thick Film
Added Member To Class: ClassName=U_InputDriver4 Member=Component R4_U_InputDriver4 (R4) Thick Film
Added Member To Class: ClassName=U_InputDriver1 Member=Component R5_U_InputDriver1 (R5) Thick Film
Added Member To Class: ClassName=U_InputDriver2 Member=Component R5_U_InputDriver2 (R5) Thick Film
Added Member To Class: ClassName=U_InputDriver3 Member=Component R5_U_InputDriver3 (R5) Thick Film
Added Member To Class: ClassName=U_InputDriver4 Member=Component R5_U_InputDriver4 (R5) Thick Film
Added Member To Class: ClassName=U_InputDriver1 Member=Component R6_U_InputDriver1 (R6) Thick Film
Added Member To Class: ClassName=U_InputDriver2 Member=Component R6_U_InputDriver2 (R6) Thick Film
Added Member To Class: ClassName=U_InputDriver3 Member=Component R6_U_InputDriver3 (R6) Thick Film
Added Member To Class: ClassName=U_InputDriver4 Member=Component R6_U_InputDriver4 (R6) Thick Film
Added Member To Class: ClassName=U_InputDriver1 Member=Component R7_U_InputDriver1 (R7) Thick Film
Added Member To Class: ClassName=U_InputDriver2 Member=Component R7_U_InputDriver2 (R7) Thick Film
Added Member To Class: ClassName=U_InputDriver3 Member=Component R7_U_InputDriver3 (R7) Thick Film
Added Member To Class: ClassName=U_InputDriver4 Member=Component R7_U_InputDriver4 (R7) Thick Film
Added Member To Class: ClassName=U_InputDriver1 Member=Component R8_U_InputDriver1 (R8) Thick Film
Added Member To Class: ClassName=U_InputDriver2 Member=Component R8_U_InputDriver2 (R8) Thick Film
Added Member To Class: ClassName=U_InputDriver3 Member=Component R8_U_InputDriver3 (R8) Thick Film
Added Member To Class: ClassName=U_InputDriver4 Member=Component R8_U_InputDriver4 (R8) Thick Film
Added Member To Class: ClassName=U_InputDriver1 Member=Component R9_U_InputDriver1 (R9) Thick Film
Added Member To Class: ClassName=U_InputDriver2 Member=Component R9_U_InputDriver2 (R9) Thick Film
Added Member To Class: ClassName=U_InputDriver3 Member=Component R9_U_InputDriver3 (R9) Thick Film
Added Member To Class: ClassName=U_InputDriver4 Member=Component R9_U_InputDriver4 (R9) Thick Film
Added Member To Class: ClassName=U_ADC_connections Member=Component R10 Thick Film
Added Member To Class: ClassName=U_ADC_connections Member=Component R11 Thick Film
Added Member To Class: ClassName=U_ADC_connections Member=Component R12 Thick Film
Added Member To Class: ClassName=U_PowerSupply Member=Component U3 LP38690DT-3.3
Added Member To Class: ClassName=U_InputDriver1 Member=Component U4_U_InputDriver1 (U4) LT1994CMS8
Added Member To Class: ClassName=U_InputDriver2 Member=Component U4_U_InputDriver2 (U4) LT1994CMS8
Added Member To Class: ClassName=U_InputDriver3 Member=Component U4_U_InputDriver3 (U4) LT1994CMS8
Added Member To Class: ClassName=U_InputDriver4 Member=Component U4_U_InputDriver4 (U4) LT1994CMS8
Added Member To Class: ClassName=U_ADC_connections Member=Component U5 MAX11043ATL+
Added Room: Name=TopLevel
Added Room: Name=U_ADC_connections
Added Room: Name=U_InputDriver1
Added Room: Name=U_InputDriver2
Added Room: Name=U_InputDriver3
Added Room: Name=U_InputDriver4
Added Room: Name=U_PowerSupply
