Removed Pin From Net: NetName=VCC Pin=P1-2
Removed Pin From Net: NetName=VCC Pin=P1-4
Removed Pin From Net: NetName=GND Pin=P1-6
Removed Pin From Net: NetName=GND Pin=P1-9
Removed Pin From Net: NetName=GND Pin=P1-14
Removed Pin From Net: NetName=MOSI Pin=P1-19
Removed Pin From Net: NetName=GND Pin=P1-20
Removed Pin From Net: NetName=MISO Pin=P1-21
Removed Pin From Net: NetName=SCLK Pin=P1-23
Removed Pin From Net: NetName=GND Pin=P1-25
Removed Pin From Net: NetName=GND Pin=P1-30
Removed Pin From Net: NetName=CS Pin=P1-31
Removed Pin From Net: NetName=DATA_READY Pin=P1-33
Removed Pin From Net: NetName=GND Pin=P1-34
Removed Pin From Net: NetName=CONVRUN Pin=P1-35
Removed Pin From Net: NetName=GND Pin=P1-39
Removed Member From Class: ClassName=TopLevel Member=P1
Added Component: Designator=P?(HDR2X20)
Added Pin To Net: NetName=VCC Pin=P?-2
Added Pin To Net: NetName=VCC Pin=P?-4
Added Pin To Net: NetName=GND Pin=P?-6
Added Pin To Net: NetName=GND Pin=P?-9
Added Pin To Net: NetName=GND Pin=P?-14
Added Pin To Net: NetName=MOSI Pin=P?-19
Added Pin To Net: NetName=GND Pin=P?-20
Added Pin To Net: NetName=MISO Pin=P?-21
Added Pin To Net: NetName=SCLK Pin=P?-23
Added Pin To Net: NetName=GND Pin=P?-25
Added Pin To Net: NetName=GND Pin=P?-30
Added Pin To Net: NetName=CS Pin=P?-31
Added Pin To Net: NetName=DATA_READY Pin=P?-33
Added Pin To Net: NetName=GND Pin=P?-34
Added Pin To Net: NetName=CONVRUN Pin=P?-35
Added Pin To Net: NetName=GND Pin=P?-39
Added Member To Class: ClassName=TopLevel Member=Component P? Header 20X2
Added Room: Name=TopLevel
