Added Component: Designator=C1(CAPC3216X175N)
Added Component: Designator=C2(CAPC3216X175N)
Added Component: Designator=C3(CAPC3216X175N)
Added Component: Designator=C4(CAPC2012X135N)
Added Component: Designator=C5(CAPC2012X135N)
Added Component: Designator=J1(JACK/6-V3)
Added Component: Designator=MK1(PIN2)
Added Component: Designator=P1(HDR1X3)
Added Component: Designator=R1(RESC2012X70N)
Added Component: Designator=R2(RESC2012X70N)
Added Component: Designator=R3(RESC2012X70N)
Added Component: Designator=R4(RESC2012X70N)
Added Component: Designator=R5(RESC2012X70N)
Added Component: Designator=R6(RESC2012X70N)
Added Component: Designator=U1(TI-D8_N)
Added Pin To Net: NetName=GND Pin=C2-2
Added Pin To Net: NetName=GND Pin=C5-1
Added Pin To Net: NetName=GND Pin=J1-5
Added Pin To Net: NetName=GND Pin=MK1-1
Added Pin To Net: NetName=GND Pin=P1-2
Added Pin To Net: NetName=GND Pin=R5-2
Added Pin To Net: NetName=GND Pin=R6-1
Added Pin To Net: NetName=GND Pin=U1-4
Added Net: Name=GND
Added Pin To Net: NetName=NetC1_1 Pin=C1-1
Added Pin To Net: NetName=NetC1_1 Pin=C4-1
Added Pin To Net: NetName=NetC1_1 Pin=R2-2
Added Pin To Net: NetName=NetC1_1 Pin=U1-2
Added Net: Name=NetC1_1
Added Pin To Net: NetName=NetC1_2 Pin=C1-2
Added Pin To Net: NetName=NetC1_2 Pin=MK1-2
Added Pin To Net: NetName=NetC1_2 Pin=R1-1
Added Net: Name=NetC1_2
Added Pin To Net: NetName=NetC2_1 Pin=C2-1
Added Pin To Net: NetName=NetC2_1 Pin=R4-2
Added Pin To Net: NetName=NetC2_1 Pin=R5-1
Added Net: Name=NetC2_1
Added Pin To Net: NetName=NetC3_1 Pin=C3-1
Added Pin To Net: NetName=NetC3_1 Pin=R3-1
Added Net: Name=NetC3_1
Added Pin To Net: NetName=NetC4_2 Pin=C4-2
Added Pin To Net: NetName=NetC4_2 Pin=R2-1
Added Pin To Net: NetName=NetC4_2 Pin=R3-2
Added Pin To Net: NetName=NetC4_2 Pin=U1-6
Added Net: Name=NetC4_2
Added Pin To Net: NetName=NetR4_1 Pin=R4-1
Added Pin To Net: NetName=NetR4_1 Pin=U1-3
Added Net: Name=NetR4_1
Added Pin To Net: NetName=SIGNAL_OUT Pin=C3-2
Added Pin To Net: NetName=SIGNAL_OUT Pin=J1-3
Added Pin To Net: NetName=SIGNAL_OUT Pin=P1-1
Added Pin To Net: NetName=SIGNAL_OUT Pin=R6-2
Added Net: Name=SIGNAL_OUT
Added Pin To Net: NetName=VCC_5V Pin=C5-2
Added Pin To Net: NetName=VCC_5V Pin=J1-1
Added Pin To Net: NetName=VCC_5V Pin=P1-3
Added Pin To Net: NetName=VCC_5V Pin=R1-2
Added Pin To Net: NetName=VCC_5V Pin=U1-7
Added Net: Name=VCC_5V
Added Class: Name=Mic_preamp_schematic
Added Room: Name=Mic_preamp_schematic
